0 info it worked if it ends with ok
1 verbose cli [ '/usr/bin/nodejs',
1 verbose cli   '/usr/bin/npm',
1 verbose cli   'i',
1 verbose cli   'gulp-html-prettify',
1 verbose cli   '--save-dev' ]
2 info using npm@1.3.10
3 info using node@v0.10.25
4 warn package.json nodemine-client@0.0.0 No description
5 warn package.json nodemine-client@0.0.0 No repository field.
6 warn package.json nodemine-client@0.0.0 No README data
7 verbose readDependencies using package.json deps
8 verbose cache add [ 'gulp-html-prettify@0.0.1', null ]
9 verbose cache add name=undefined spec="gulp-html-prettify@0.0.1" args=["gulp-html-prettify@0.0.1",null]
10 verbose parsed url { protocol: null,
10 verbose parsed url   slashes: null,
10 verbose parsed url   auth: null,
10 verbose parsed url   host: null,
10 verbose parsed url   port: null,
10 verbose parsed url   hostname: null,
10 verbose parsed url   hash: null,
10 verbose parsed url   search: null,
10 verbose parsed url   query: null,
10 verbose parsed url   pathname: 'gulp-html-prettify@0.0.1',
10 verbose parsed url   path: 'gulp-html-prettify@0.0.1',
10 verbose parsed url   href: 'gulp-html-prettify@0.0.1' }
11 verbose cache add name="gulp-html-prettify" spec="0.0.1" args=["gulp-html-prettify","0.0.1"]
12 verbose parsed url { protocol: null,
12 verbose parsed url   slashes: null,
12 verbose parsed url   auth: null,
12 verbose parsed url   host: null,
12 verbose parsed url   port: null,
12 verbose parsed url   hostname: null,
12 verbose parsed url   hash: null,
12 verbose parsed url   search: null,
12 verbose parsed url   query: null,
12 verbose parsed url   pathname: '0.0.1',
12 verbose parsed url   path: '0.0.1',
12 verbose parsed url   href: '0.0.1' }
13 verbose addNamed [ 'gulp-html-prettify', '0.0.1' ]
14 verbose addNamed [ '0.0.1', '0.0.1' ]
15 silly lockFile 723950e9-gulp-html-prettify-0-0-1 gulp-html-prettify@0.0.1
16 verbose lock gulp-html-prettify@0.0.1 /home/lenur/.npm/723950e9-gulp-html-prettify-0-0-1.lock
17 verbose url raw gulp-html-prettify/0.0.1
18 verbose url resolving [ 'https://registry.npmjs.org/', './gulp-html-prettify/0.0.1' ]
19 verbose url resolved https://registry.npmjs.org/gulp-html-prettify/0.0.1
20 info trying registry request attempt 1 at 16:56:06
21 verbose etag "F2F1XX43PTOJKEA7ILSZJFYQ9"
22 http GET https://registry.npmjs.org/gulp-html-prettify/0.0.1
23 http 304 https://registry.npmjs.org/gulp-html-prettify/0.0.1
24 silly registry.get cb [ 304,
24 silly registry.get   { date: 'Thu, 31 Mar 2016 13:56:01 GMT',
24 silly registry.get     via: '1.1 varnish',
24 silly registry.get     'cache-control': 'max-age=300',
24 silly registry.get     etag: '"F2F1XX43PTOJKEA7ILSZJFYQ9"',
24 silly registry.get     age: '78',
24 silly registry.get     connection: 'keep-alive',
24 silly registry.get     'x-served-by': 'cache-fra1248-FRA',
24 silly registry.get     'x-cache': 'HIT',
24 silly registry.get     'x-cache-hits': '1',
24 silly registry.get     'x-timer': 'S1459432561.454943,VS0,VE0',
24 silly registry.get     vary: 'Accept' } ]
25 verbose etag gulp-html-prettify/0.0.1 from cache
26 silly lockFile 723950e9-gulp-html-prettify-0-0-1 gulp-html-prettify@0.0.1
27 silly lockFile 723950e9-gulp-html-prettify-0-0-1 gulp-html-prettify@0.0.1
28 silly resolved [ { name: 'gulp-html-prettify',
28 silly resolved     version: '0.0.1',
28 silly resolved     description: 'HTML Prettify Plugin for Gulp',
28 silly resolved     keywords: [ 'gulpplugin' ],
28 silly resolved     repository:
28 silly resolved      { type: 'git',
28 silly resolved        url: 'https://github.com/colynb/gulp-html-prettify' },
28 silly resolved     author: { name: 'Colyn Brown', email: 'colyn.brown@gmail.com' },
28 silly resolved     dependencies:
28 silly resolved      { 'event-stream': '~3.0.16',
28 silly resolved        clone: '~0.1.11',
28 silly resolved        'gulp-util': '0.0.1',
28 silly resolved        html: 'git://github.com/colynb/commonjs-html-prettyprinter.git' },
28 silly resolved     main: 'index.js',
28 silly resolved     engines: { node: '>= 0.8' },
28 silly resolved     scripts: { test: 'mocha' },
28 silly resolved     devDependencies: { mocha: '~1.14.0', chai: '~1.8.1', gulp: '~2.4.1' },
28 silly resolved     readme: '\n## Information\n\n<table>\n<tr>\n<td>Package</td><td>gulp-html-prettify</td>\n</tr>\n<tr>\n<td>Description</td>\n<td>HTML Prettify Plugin for Gulp</td>\n</tr>\n<tr>\n<td>Node Version</td>\n<td>≥ 0.8</td>\n</tr>\n</table>\n\n## Usage\n\nPrettify HTML\n\n```javascript\nvar prettify = require(\'gulp-html-prettify\');\n\ngulp.task(\'templates\', function() {\n  gulp.src(\'./lib/*.html\')\n    .pipe(prettify({indent_char: \' \', indent_size: 2}))\n    .pipe(gulp.dest(\'./dist/\'))\n});\n```\n\n## LICENSE\n\n(MIT License)\n\nCopyright (c) 2013 Colyn Brown\n\nPermission is hereby granted, free of charge, to any person obtaining\na copy of this software and associated documentation files (the\n"Software"), to deal in the Software without restriction, including\nwithout limitation the rights to use, copy, modify, merge, publish,\ndistribute, sublicense, and/or sell copies of the Software, and to\npermit persons to whom the Software is furnished to do so, subject to\nthe following conditions:\n\nThe above copyright notice and this permission notice shall be\nincluded in all copies or substantial portions of the Software.\n\nTHE SOFTWARE IS PROVIDED "AS IS", WITHOUT WARRANTY OF ANY KIND,\nEXPRESS OR IMPLIED, INCLUDING BUT NOT LIMITED TO THE WARRANTIES OF\nMERCHANTABILITY, FITNESS FOR A PARTICULAR PURPOSE AND\nNONINFRINGEMENT. IN NO EVENT SHALL THE AUTHORS OR COPYRIGHT HOLDERS BE\nLIABLE FOR ANY CLAIM, DAMAGES OR OTHER LIABILITY, WHETHER IN AN ACTION\nOF CONTRACT, TORT OR OTHERWISE, ARISING FROM, OUT OF OR IN CONNECTION\nWITH THE SOFTWARE OR THE USE OR OTHER DEALINGS IN THE SOFTWARE.',
28 silly resolved     readmeFilename: 'README.md',
28 silly resolved     bugs: { url: 'https://github.com/colynb/gulp-html-prettify/issues' },
28 silly resolved     _id: 'gulp-html-prettify@0.0.1',
28 silly resolved     _from: 'gulp-html-prettify@0.0.1' } ]
29 info install gulp-html-prettify@0.0.1 into /home/lenur/projects/angserver/public
30 info installOne gulp-html-prettify@0.0.1
31 info /home/lenur/projects/angserver/public/node_modules/gulp-html-prettify unbuild
32 verbose tar unpack /home/lenur/.npm/gulp-html-prettify/0.0.1/package.tgz
33 silly lockFile fa3851fe--node-modules-gulp-html-prettify tar:///home/lenur/projects/angserver/public/node_modules/gulp-html-prettify
34 verbose lock tar:///home/lenur/projects/angserver/public/node_modules/gulp-html-prettify /home/lenur/.npm/fa3851fe--node-modules-gulp-html-prettify.lock
35 silly lockFile 79e09ab8--html-prettify-0-0-1-package-tgz tar:///home/lenur/.npm/gulp-html-prettify/0.0.1/package.tgz
36 verbose lock tar:///home/lenur/.npm/gulp-html-prettify/0.0.1/package.tgz /home/lenur/.npm/79e09ab8--html-prettify-0-0-1-package-tgz.lock
37 silly gunzTarPerm modes [ '755', '644' ]
38 silly gunzTarPerm extractEntry package.json
39 silly gunzTarPerm extractEntry .npmignore
40 silly gunzTarPerm extractEntry README.md
41 silly gunzTarPerm extractEntry index.js
42 silly gunzTarPerm extractEntry test/test.js
43 silly gunzTarPerm extractEntry test/fixtures/test.html
44 silly lockFile fa3851fe--node-modules-gulp-html-prettify tar:///home/lenur/projects/angserver/public/node_modules/gulp-html-prettify
45 silly lockFile fa3851fe--node-modules-gulp-html-prettify tar:///home/lenur/projects/angserver/public/node_modules/gulp-html-prettify
46 silly lockFile 79e09ab8--html-prettify-0-0-1-package-tgz tar:///home/lenur/.npm/gulp-html-prettify/0.0.1/package.tgz
47 silly lockFile 79e09ab8--html-prettify-0-0-1-package-tgz tar:///home/lenur/.npm/gulp-html-prettify/0.0.1/package.tgz
48 info preinstall gulp-html-prettify@0.0.1
49 verbose readDependencies using package.json deps
50 verbose readDependencies using package.json deps
51 verbose cache add [ 'event-stream@~3.0.16', null ]
52 verbose cache add name=undefined spec="event-stream@~3.0.16" args=["event-stream@~3.0.16",null]
53 verbose parsed url { protocol: null,
53 verbose parsed url   slashes: null,
53 verbose parsed url   auth: null,
53 verbose parsed url   host: null,
53 verbose parsed url   port: null,
53 verbose parsed url   hostname: null,
53 verbose parsed url   hash: null,
53 verbose parsed url   search: null,
53 verbose parsed url   query: null,
53 verbose parsed url   pathname: 'event-stream@~3.0.16',
53 verbose parsed url   path: 'event-stream@~3.0.16',
53 verbose parsed url   href: 'event-stream@~3.0.16' }
54 verbose cache add name="event-stream" spec="~3.0.16" args=["event-stream","~3.0.16"]
55 verbose parsed url { protocol: null,
55 verbose parsed url   slashes: null,
55 verbose parsed url   auth: null,
55 verbose parsed url   host: null,
55 verbose parsed url   port: null,
55 verbose parsed url   hostname: null,
55 verbose parsed url   hash: null,
55 verbose parsed url   search: null,
55 verbose parsed url   query: null,
55 verbose parsed url   pathname: '~3.0.16',
55 verbose parsed url   path: '~3.0.16',
55 verbose parsed url   href: '~3.0.16' }
56 verbose addNamed [ 'event-stream', '~3.0.16' ]
57 verbose addNamed [ null, '>=3.0.16-0 <3.1.0-0' ]
58 silly lockFile 71315bb9-event-stream-3-0-16 event-stream@~3.0.16
59 verbose lock event-stream@~3.0.16 /home/lenur/.npm/71315bb9-event-stream-3-0-16.lock
60 verbose cache add [ 'clone@~0.1.11', null ]
61 verbose cache add name=undefined spec="clone@~0.1.11" args=["clone@~0.1.11",null]
62 verbose parsed url { protocol: null,
62 verbose parsed url   slashes: null,
62 verbose parsed url   auth: null,
62 verbose parsed url   host: null,
62 verbose parsed url   port: null,
62 verbose parsed url   hostname: null,
62 verbose parsed url   hash: null,
62 verbose parsed url   search: null,
62 verbose parsed url   query: null,
62 verbose parsed url   pathname: 'clone@~0.1.11',
62 verbose parsed url   path: 'clone@~0.1.11',
62 verbose parsed url   href: 'clone@~0.1.11' }
63 verbose cache add name="clone" spec="~0.1.11" args=["clone","~0.1.11"]
64 verbose parsed url { protocol: null,
64 verbose parsed url   slashes: null,
64 verbose parsed url   auth: null,
64 verbose parsed url   host: null,
64 verbose parsed url   port: null,
64 verbose parsed url   hostname: null,
64 verbose parsed url   hash: null,
64 verbose parsed url   search: null,
64 verbose parsed url   query: null,
64 verbose parsed url   pathname: '~0.1.11',
64 verbose parsed url   path: '~0.1.11',
64 verbose parsed url   href: '~0.1.11' }
65 verbose addNamed [ 'clone', '~0.1.11' ]
66 verbose addNamed [ null, '>=0.1.11-0 <0.2.0-0' ]
67 silly lockFile 7c1eee7d-clone-0-1-11 clone@~0.1.11
68 verbose lock clone@~0.1.11 /home/lenur/.npm/7c1eee7d-clone-0-1-11.lock
69 verbose cache add [ 'gulp-util@0.0.1', null ]
70 verbose cache add name=undefined spec="gulp-util@0.0.1" args=["gulp-util@0.0.1",null]
71 verbose parsed url { protocol: null,
71 verbose parsed url   slashes: null,
71 verbose parsed url   auth: null,
71 verbose parsed url   host: null,
71 verbose parsed url   port: null,
71 verbose parsed url   hostname: null,
71 verbose parsed url   hash: null,
71 verbose parsed url   search: null,
71 verbose parsed url   query: null,
71 verbose parsed url   pathname: 'gulp-util@0.0.1',
71 verbose parsed url   path: 'gulp-util@0.0.1',
71 verbose parsed url   href: 'gulp-util@0.0.1' }
72 verbose cache add name="gulp-util" spec="0.0.1" args=["gulp-util","0.0.1"]
73 verbose parsed url { protocol: null,
73 verbose parsed url   slashes: null,
73 verbose parsed url   auth: null,
73 verbose parsed url   host: null,
73 verbose parsed url   port: null,
73 verbose parsed url   hostname: null,
73 verbose parsed url   hash: null,
73 verbose parsed url   search: null,
73 verbose parsed url   query: null,
73 verbose parsed url   pathname: '0.0.1',
73 verbose parsed url   path: '0.0.1',
73 verbose parsed url   href: '0.0.1' }
74 verbose addNamed [ 'gulp-util', '0.0.1' ]
75 verbose addNamed [ '0.0.1', '0.0.1' ]
76 silly lockFile f4fe9526-gulp-util-0-0-1 gulp-util@0.0.1
77 verbose lock gulp-util@0.0.1 /home/lenur/.npm/f4fe9526-gulp-util-0-0-1.lock
78 verbose cache add [ 'html@git://github.com/colynb/commonjs-html-prettyprinter.git',
78 verbose cache add   null ]
79 verbose cache add name=undefined spec="html@git://github.com/colynb/commonjs-html-prettyprinter.git" args=["html@git://github.com/colynb/commonjs-html-prettyprinter.git",null]
80 verbose parsed url { protocol: null,
80 verbose parsed url   slashes: null,
80 verbose parsed url   auth: null,
80 verbose parsed url   host: null,
80 verbose parsed url   port: null,
80 verbose parsed url   hostname: null,
80 verbose parsed url   hash: null,
80 verbose parsed url   search: null,
80 verbose parsed url   query: null,
80 verbose parsed url   pathname: 'html@git://github.com/colynb/commonjs-html-prettyprinter.git',
80 verbose parsed url   path: 'html@git://github.com/colynb/commonjs-html-prettyprinter.git',
80 verbose parsed url   href: 'html@git://github.com/colynb/commonjs-html-prettyprinter.git' }
81 verbose cache add name="html" spec="git://github.com/colynb/commonjs-html-prettyprinter.git" args=["html","git://github.com/colynb/commonjs-html-prettyprinter.git"]
82 verbose parsed url { protocol: 'git:',
82 verbose parsed url   slashes: true,
82 verbose parsed url   auth: null,
82 verbose parsed url   host: 'github.com',
82 verbose parsed url   port: null,
82 verbose parsed url   hostname: 'github.com',
82 verbose parsed url   hash: null,
82 verbose parsed url   search: null,
82 verbose parsed url   query: null,
82 verbose parsed url   pathname: '/colynb/commonjs-html-prettyprinter.git',
82 verbose parsed url   path: '/colynb/commonjs-html-prettyprinter.git',
82 verbose parsed url   href: 'git://github.com/colynb/commonjs-html-prettyprinter.git' }
83 silly lockFile babaf478--commonjs-html-prettyprinter-git git://github.com/colynb/commonjs-html-prettyprinter.git
84 verbose lock git://github.com/colynb/commonjs-html-prettyprinter.git /home/lenur/.npm/babaf478--commonjs-html-prettyprinter-git.lock
85 silly addNameRange { name: 'event-stream',
85 silly addNameRange   range: '>=3.0.16-0 <3.1.0-0',
85 silly addNameRange   hasData: false }
86 silly addNameRange { name: 'clone', range: '>=0.1.11-0 <0.2.0-0', hasData: false }
87 verbose addRemoteGit [ 'git://github.com/colynb/commonjs-html-prettyprinter.git',
87 verbose addRemoteGit   'master' ]
88 verbose url raw event-stream
89 verbose url resolving [ 'https://registry.npmjs.org/', './event-stream' ]
90 verbose url resolved https://registry.npmjs.org/event-stream
91 info trying registry request attempt 1 at 16:56:06
92 verbose etag "B74HJUMWD3FQBTVYB7DY2R7ZP"
93 http GET https://registry.npmjs.org/event-stream
94 verbose url raw gulp-util/0.0.1
95 verbose url resolving [ 'https://registry.npmjs.org/', './gulp-util/0.0.1' ]
96 verbose url resolved https://registry.npmjs.org/gulp-util/0.0.1
97 info trying registry request attempt 1 at 16:56:06
98 verbose etag "EACVK8VVVTFGMI00FFSHXAJ3V"
99 http GET https://registry.npmjs.org/gulp-util/0.0.1
100 verbose url raw clone
101 verbose url resolving [ 'https://registry.npmjs.org/', './clone' ]
102 verbose url resolved https://registry.npmjs.org/clone
103 info trying registry request attempt 1 at 16:56:06
104 verbose etag "3YWDSWZWJJPH5DEZLBU3P08SI"
105 http GET https://registry.npmjs.org/clone
106 verbose git remote.origin.url git://github.com/colynb/commonjs-html-prettyprinter.git
107 http 304 https://registry.npmjs.org/event-stream
108 silly registry.get cb [ 304,
108 silly registry.get   { date: 'Thu, 31 Mar 2016 13:56:01 GMT',
108 silly registry.get     via: '1.1 varnish',
108 silly registry.get     'cache-control': 'max-age=300',
108 silly registry.get     etag: '"B74HJUMWD3FQBTVYB7DY2R7ZP"',
108 silly registry.get     age: '298',
108 silly registry.get     connection: 'keep-alive',
108 silly registry.get     'x-served-by': 'cache-fra1230-FRA',
108 silly registry.get     'x-cache': 'HIT',
108 silly registry.get     'x-cache-hits': '7',
108 silly registry.get     'x-timer': 'S1459432561.852478,VS0,VE0',
108 silly registry.get     vary: 'Accept' } ]
109 verbose etag event-stream from cache
110 http 304 https://registry.npmjs.org/gulp-util/0.0.1
111 silly registry.get cb [ 304,
111 silly registry.get   { date: 'Thu, 31 Mar 2016 13:56:01 GMT',
111 silly registry.get     via: '1.1 varnish',
111 silly registry.get     'cache-control': 'max-age=300',
111 silly registry.get     etag: '"EACVK8VVVTFGMI00FFSHXAJ3V"',
111 silly registry.get     age: '36',
111 silly registry.get     connection: 'keep-alive',
111 silly registry.get     'x-served-by': 'cache-fra1234-FRA',
111 silly registry.get     'x-cache': 'HIT',
111 silly registry.get     'x-cache-hits': '1',
111 silly registry.get     'x-timer': 'S1459432561.859080,VS0,VE0',
111 silly registry.get     vary: 'Accept' } ]
112 verbose etag gulp-util/0.0.1 from cache
113 http 304 https://registry.npmjs.org/clone
114 silly registry.get cb [ 304,
114 silly registry.get   { date: 'Thu, 31 Mar 2016 13:56:01 GMT',
114 silly registry.get     via: '1.1 varnish',
114 silly registry.get     'cache-control': 'max-age=300',
114 silly registry.get     etag: '"3YWDSWZWJJPH5DEZLBU3P08SI"',
114 silly registry.get     age: '192',
114 silly registry.get     connection: 'keep-alive',
114 silly registry.get     'x-served-by': 'cache-fra1227-FRA',
114 silly registry.get     'x-cache': 'HIT',
114 silly registry.get     'x-cache-hits': '18',
114 silly registry.get     'x-timer': 'S1459432561.865833,VS0,VE0',
114 silly registry.get     vary: 'Accept' } ]
115 verbose etag clone from cache
116 silly addNameRange number 2 { name: 'event-stream',
116 silly addNameRange   range: '>=3.0.16-0 <3.1.0-0',
116 silly addNameRange   hasData: true }
117 silly addNameRange versions [ 'event-stream',
117 silly addNameRange   [ '0.1.0',
117 silly addNameRange     '0.2.0',
117 silly addNameRange     '0.2.1',
117 silly addNameRange     '0.3.0',
117 silly addNameRange     '0.4.0',
117 silly addNameRange     '0.5.0',
117 silly addNameRange     '0.5.1',
117 silly addNameRange     '0.5.2',
117 silly addNameRange     '0.5.3',
117 silly addNameRange     '0.6.0',
117 silly addNameRange     '0.7.0',
117 silly addNameRange     '0.8.0',
117 silly addNameRange     '0.8.1',
117 silly addNameRange     '0.8.2',
117 silly addNameRange     '0.9.0',
117 silly addNameRange     '0.9.1',
117 silly addNameRange     '0.9.2',
117 silly addNameRange     '0.9.3',
117 silly addNameRange     '0.9.4',
117 silly addNameRange     '0.9.6',
117 silly addNameRange     '0.9.7',
117 silly addNameRange     '0.9.8',
117 silly addNameRange     '0.10.0',
117 silly addNameRange     '1.0.0',
117 silly addNameRange     '1.1.0',
117 silly addNameRange     '1.2.0',
117 silly addNameRange     '1.3.0',
117 silly addNameRange     '1.3.1',
117 silly addNameRange     '2.0.0',
117 silly addNameRange     '2.0.1',
117 silly addNameRange     '2.0.2',
117 silly addNameRange     '2.0.3',
117 silly addNameRange     '2.0.4',
117 silly addNameRange     '2.0.9',
117 silly addNameRange     '2.0.10',
117 silly addNameRange     '2.1.0',
117 silly addNameRange     '2.1.2',
117 silly addNameRange     '2.1.3',
117 silly addNameRange     '2.1.4',
117 silly addNameRange     '2.1.5',
117 silly addNameRange     '2.1.7',
117 silly addNameRange     '2.1.8',
117 silly addNameRange     '2.1.9',
117 silly addNameRange     '2.2.0',
117 silly addNameRange     '2.2.1',
117 silly addNameRange     '2.2.2',
117 silly addNameRange     '2.2.3',
117 silly addNameRange     '3.0.0',
117 silly addNameRange     '3.0.1',
117 silly addNameRange     '3.0.2',
117 silly addNameRange     '3.0.3',
117 silly addNameRange     '3.0.4',
117 silly addNameRange     '3.0.5',
117 silly addNameRange     '3.0.6',
117 silly addNameRange     '3.0.7',
117 silly addNameRange     '3.0.8',
117 silly addNameRange     '3.0.9',
117 silly addNameRange     '3.0.10',
117 silly addNameRange     '3.0.11',
117 silly addNameRange     '3.0.12',
117 silly addNameRange     '3.0.13',
117 silly addNameRange     '3.0.14',
117 silly addNameRange     '3.0.15',
117 silly addNameRange     '3.0.16',
117 silly addNameRange     '3.0.17',
117 silly addNameRange     '3.0.18',
117 silly addNameRange     '3.0.20',
117 silly addNameRange     '3.1.0',
117 silly addNameRange     '3.1.1',
117 silly addNameRange     '3.1.2',
117 silly addNameRange     '3.1.4',
117 silly addNameRange     '3.1.5',
117 silly addNameRange     '3.1.7',
117 silly addNameRange     '3.2.0',
117 silly addNameRange     '3.2.1',
117 silly addNameRange     '3.2.2',
117 silly addNameRange     '3.3.0',
117 silly addNameRange     '3.3.1',
117 silly addNameRange     '3.3.2' ] ]
118 verbose addNamed [ 'event-stream', '3.0.20' ]
119 verbose addNamed [ '3.0.20', '3.0.20' ]
120 silly lockFile ed1cb1e8-event-stream-3-0-20 event-stream@3.0.20
121 verbose lock event-stream@3.0.20 /home/lenur/.npm/ed1cb1e8-event-stream-3-0-20.lock
122 silly addNameRange number 2 { name: 'clone', range: '>=0.1.11-0 <0.2.0-0', hasData: true }
123 silly addNameRange versions [ 'clone',
123 silly addNameRange   [ '0.0.0',
123 silly addNameRange     '0.0.1',
123 silly addNameRange     '0.0.2',
123 silly addNameRange     '0.0.3',
123 silly addNameRange     '0.0.4',
123 silly addNameRange     '0.0.5',
123 silly addNameRange     '0.0.6',
123 silly addNameRange     '0.0.7',
123 silly addNameRange     '0.1.0',
123 silly addNameRange     '0.1.1',
123 silly addNameRange     '0.1.2',
123 silly addNameRange     '0.1.3',
123 silly addNameRange     '0.1.4',
123 silly addNameRange     '0.1.5',
123 silly addNameRange     '0.1.6',
123 silly addNameRange     '0.1.7',
123 silly addNameRange     '0.1.8',
123 silly addNameRange     '0.1.9',
123 silly addNameRange     '0.1.10',
123 silly addNameRange     '0.1.11',
123 silly addNameRange     '0.1.12',
123 silly addNameRange     '0.1.13',
123 silly addNameRange     '0.1.14',
123 silly addNameRange     '0.1.15',
123 silly addNameRange     '0.1.16',
123 silly addNameRange     '0.1.17',
123 silly addNameRange     '0.1.18',
123 silly addNameRange     '0.2.0',
123 silly addNameRange     '0.1.19',
123 silly addNameRange     '1.0.0',
123 silly addNameRange     '1.0.1',
123 silly addNameRange     '1.0.2' ] ]
124 verbose addNamed [ 'clone', '0.1.19' ]
125 verbose addNamed [ '0.1.19', '0.1.19' ]
126 silly lockFile 57e30c91-clone-0-1-19 clone@0.1.19
127 verbose lock clone@0.1.19 /home/lenur/.npm/57e30c91-clone-0-1-19.lock
128 silly lockFile f4fe9526-gulp-util-0-0-1 gulp-util@0.0.1
129 silly lockFile f4fe9526-gulp-util-0-0-1 gulp-util@0.0.1
130 silly lockFile ed1cb1e8-event-stream-3-0-20 event-stream@3.0.20
131 silly lockFile ed1cb1e8-event-stream-3-0-20 event-stream@3.0.20
132 silly lockFile 71315bb9-event-stream-3-0-16 event-stream@~3.0.16
133 silly lockFile 71315bb9-event-stream-3-0-16 event-stream@~3.0.16
134 silly lockFile 57e30c91-clone-0-1-19 clone@0.1.19
135 silly lockFile 57e30c91-clone-0-1-19 clone@0.1.19
136 silly lockFile 7c1eee7d-clone-0-1-11 clone@~0.1.11
137 silly lockFile 7c1eee7d-clone-0-1-11 clone@~0.1.11
138 error git fetch -a origin (git://github.com/colynb/commonjs-html-prettyprinter.git) error: cannot open FETCH_HEAD: Permission denied
139 silly lockFile babaf478--commonjs-html-prettyprinter-git git://github.com/colynb/commonjs-html-prettyprinter.git
140 silly lockFile babaf478--commonjs-html-prettyprinter-git git://github.com/colynb/commonjs-html-prettyprinter.git
141 verbose about to build /home/lenur/projects/angserver/public/node_modules/gulp-html-prettify
142 info /home/lenur/projects/angserver/public/node_modules/gulp-html-prettify unbuild
143 info preuninstall gulp-html-prettify@0.0.1
144 info uninstall gulp-html-prettify@0.0.1
145 verbose true,/home/lenur/projects/angserver/public/node_modules,/home/lenur/projects/angserver/public/node_modules unbuild gulp-html-prettify@0.0.1
146 info postuninstall gulp-html-prettify@0.0.1
147 error Error: Command failed: error: cannot open FETCH_HEAD: Permission denied
147 error
147 error
147 error     at ChildProcess.exithandler (child_process.js:637:15)
147 error     at ChildProcess.EventEmitter.emit (events.js:98:17)
147 error     at maybeClose (child_process.js:743:16)
147 error     at Process.ChildProcess._handle.onexit (child_process.js:810:5)
148 error If you need help, you may report this log at:
148 error     <http://github.com/isaacs/npm/issues>
148 error or email it to:
148 error     <npm-@googlegroups.com>
149 error System Linux 3.19.0-32-generic
150 error command "/usr/bin/nodejs" "/usr/bin/npm" "i" "gulp-html-prettify" "--save-dev"
151 error cwd /home/lenur/projects/angserver/public
152 error node -v v0.10.25
153 error npm -v 1.3.10
154 error code 1
155 verbose exit [ 1, true ]
